<?xml version="1.0" encoding="UTF-8"?>
<testng-results skipped="0" failed="0" ignored="0" total="4" passed="4">
  <reporter-output>
  </reporter-output>
  <suite name="Default suite" duration-ms="8687" started-at="2020-08-25T16:09:27Z" finished-at="2020-08-25T16:09:36Z">
    <groups>
    </groups>
    <test name="Default test" duration-ms="8687" started-at="2020-08-25T16:09:27Z" finished-at="2020-08-25T16:09:36Z">
      <class name="test.AndroidTest">
        <test-method status="PASS" signature="beforeSuite()[pri:0, instance:test.AndroidTest@6b09bb57]" name="beforeSuite" is-config="true" duration-ms="53841" started-at="2020-08-25T16:08:33Z" finished-at="2020-08-25T16:09:27Z">
          <reporter-output>
          </reporter-output>
        </test-method> <!-- beforeSuite -->
        <test-method status="PASS" signature="testCase_1()[pri:0, instance:test.AndroidTest@6b09bb57]" name="testCase_1" duration-ms="566" started-at="2020-08-25T16:09:27Z" finished-at="2020-08-25T16:09:27Z">
          <reporter-output>
          </reporter-output>
        </test-method> <!-- testCase_1 -->
        <test-method status="PASS" signature="testCase_2()[pri:0, instance:test.AndroidTest@6b09bb57]" name="testCase_2" duration-ms="6539" started-at="2020-08-25T16:09:27Z" finished-at="2020-08-25T16:09:34Z">
          <reporter-output>
          </reporter-output>
        </test-method> <!-- testCase_2 -->
        <test-method status="PASS" signature="testCase_3()[pri:0, instance:test.AndroidTest@6b09bb57]" name="testCase_3" duration-ms="1497" started-at="2020-08-25T16:09:34Z" finished-at="2020-08-25T16:09:36Z">
          <reporter-output>
          </reporter-output>
        </test-method> <!-- testCase_3 -->
        <test-method status="PASS" signature="testCase_4()[pri:0, instance:test.AndroidTest@6b09bb57]" name="testCase_4" duration-ms="3" started-at="2020-08-25T16:09:36Z" finished-at="2020-08-25T16:09:36Z">
          <reporter-output>
          </reporter-output>
        </test-method> <!-- testCase_4 -->
        <test-method status="PASS" signature="closeBrowser()[pri:0, instance:test.AndroidTest@6b09bb57]" name="closeBrowser" is-config="true" duration-ms="4800" started-at="2020-08-25T16:09:36Z" finished-at="2020-08-25T16:09:40Z">
          <reporter-output>
          </reporter-output>
        </test-method> <!-- closeBrowser -->
      </class> <!-- test.AndroidTest -->
    </test> <!-- Default test -->
  </suite> <!-- Default suite -->
</testng-results>
